CRITICAL - 2023-09-21 12:24:01 --> Class "App\Models\Models" not found
in APPPATH\Models\ProductModel.php on line 12.
 1 SYSTEMPATH\Autoloader\Autoloader.php(306): include_once()
 2 SYSTEMPATH\Autoloader\Autoloader.php(285): CodeIgniter\Autoloader\Autoloader->includeFile('C:\\Laragon\\laragon\\www\\newfinal\\app\\Models\\ProductModel.php')
 3 SYSTEMPATH\Autoloader\Autoloader.php(263): CodeIgniter\Autoloader\Autoloader->loadInNamespace('App\\Models\\ProductModel')
 4 APPPATH\Controllers\Home.php(20): CodeIgniter\Autoloader\Autoloader->loadClass('App\\Models\\ProductModel')
 5 SYSTEMPATH\CodeIgniter.php(919): App\Controllers\Home->finaltim()
 6 SYSTEMPATH\CodeIgniter.php(494): CodeIgniter\CodeIgniter->runController(Object(App\Controllers\Home))
 7 SYSTEMPATH\CodeIgniter.php(353): CodeIgniter\CodeIgniter->handleRequest(null, Object(Config\Cache), false)
 8 FCPATH\index.php(79): CodeIgniter\CodeIgniter->run()
 9 SYSTEMPATH\Commands\Server\rewrite.php(47): require_once('C:\\Laragon\\laragon\\www\\newfinal\\public\\index.php')
CRITICAL - 2023-09-21 12:24:02 --> Class "App\Models\Models" not found
in APPPATH\Models\ProductModel.php on line 12.
 1 SYSTEMPATH\Autoloader\Autoloader.php(306): include_once()
 2 SYSTEMPATH\Autoloader\Autoloader.php(285): CodeIgniter\Autoloader\Autoloader->includeFile('C:\\Laragon\\laragon\\www\\newfinal\\app\\Models\\ProductModel.php')
 3 SYSTEMPATH\Autoloader\Autoloader.php(263): CodeIgniter\Autoloader\Autoloader->loadInNamespace('App\\Models\\ProductModel')
 4 APPPATH\Controllers\Home.php(20): CodeIgniter\Autoloader\Autoloader->loadClass('App\\Models\\ProductModel')
 5 SYSTEMPATH\CodeIgniter.php(919): App\Controllers\Home->finaltim()
 6 SYSTEMPATH\CodeIgniter.php(494): CodeIgniter\CodeIgniter->runController(Object(App\Controllers\Home))
 7 SYSTEMPATH\CodeIgniter.php(353): CodeIgniter\CodeIgniter->handleRequest(null, Object(Config\Cache), false)
 8 FCPATH\index.php(79): CodeIgniter\CodeIgniter->run()
 9 SYSTEMPATH\Commands\Server\rewrite.php(47): require_once('C:\\Laragon\\laragon\\www\\newfinal\\public\\index.php')
CRITICAL - 2023-09-21 12:25:37 --> Class "App\Models\Models" not found
in APPPATH\Models\ProductModel.php on line 12.
 1 SYSTEMPATH\Autoloader\Autoloader.php(306): include_once()
 2 SYSTEMPATH\Autoloader\Autoloader.php(285): CodeIgniter\Autoloader\Autoloader->includeFile('C:\\Laragon\\laragon\\www\\newfinal\\app\\Models\\ProductModel.php')
 3 SYSTEMPATH\Autoloader\Autoloader.php(263): CodeIgniter\Autoloader\Autoloader->loadInNamespace('App\\Models\\ProductModel')
 4 APPPATH\Controllers\Home.php(20): CodeIgniter\Autoloader\Autoloader->loadClass('App\\Models\\ProductModel')
 5 SYSTEMPATH\CodeIgniter.php(919): App\Controllers\Home->finaltim()
 6 SYSTEMPATH\CodeIgniter.php(494): CodeIgniter\CodeIgniter->runController(Object(App\Controllers\Home))
 7 SYSTEMPATH\CodeIgniter.php(353): CodeIgniter\CodeIgniter->handleRequest(null, Object(Config\Cache), false)
 8 FCPATH\index.php(79): CodeIgniter\CodeIgniter->run()
 9 SYSTEMPATH\Commands\Server\rewrite.php(47): require_once('C:\\Laragon\\laragon\\www\\newfinal\\public\\index.php')
CRITICAL - 2023-09-21 12:37:00 --> Undefined variable $data
in APPPATH\Views\products.php on line 1.
 1 APPPATH\Views\products.php(1): CodeIgniter\Debug\Exceptions->errorHandler(2, 'Undefined variable $data', 'C:\\Laragon\\laragon\\www\\newfinal\\app\\Views\\products.php', 1)
 2 SYSTEMPATH\View\View.php(226): include('C:\\Laragon\\laragon\\www\\newfinal\\app\\Views\\products.php')
 3 SYSTEMPATH\View\View.php(229): CodeIgniter\View\View->CodeIgniter\View\{closure}()
 4 SYSTEMPATH\Common.php(1188): CodeIgniter\View\View->render('products', [], true)
 5 APPPATH\Controllers\Home.php(22): view('products', [...])
 6 SYSTEMPATH\CodeIgniter.php(919): App\Controllers\Home->finaltim()
 7 SYSTEMPATH\CodeIgniter.php(494): CodeIgniter\CodeIgniter->runController(Object(App\Controllers\Home))
 8 SYSTEMPATH\CodeIgniter.php(353): CodeIgniter\CodeIgniter->handleRequest(null, Object(Config\Cache), false)
 9 FCPATH\index.php(79): CodeIgniter\CodeIgniter->run()
10 SYSTEMPATH\Commands\Server\rewrite.php(47): require_once('C:\\Laragon\\laragon\\www\\newfinal\\public\\index.php')
CRITICAL - 2023-09-21 12:37:00 --> Undefined variable $data
in APPPATH\Views\products.php on line 1.
 1 APPPATH\Views\products.php(1): CodeIgniter\Debug\Exceptions->errorHandler(2, 'Undefined variable $data', 'C:\\Laragon\\laragon\\www\\newfinal\\app\\Views\\products.php', 1)
 2 SYSTEMPATH\View\View.php(226): include('C:\\Laragon\\laragon\\www\\newfinal\\app\\Views\\products.php')
 3 SYSTEMPATH\View\View.php(229): CodeIgniter\View\View->CodeIgniter\View\{closure}()
 4 SYSTEMPATH\Common.php(1188): CodeIgniter\View\View->render('products', [], true)
 5 APPPATH\Controllers\Home.php(22): view('products', [...])
 6 SYSTEMPATH\CodeIgniter.php(919): App\Controllers\Home->finaltim()
 7 SYSTEMPATH\CodeIgniter.php(494): CodeIgniter\CodeIgniter->runController(Object(App\Controllers\Home))
 8 SYSTEMPATH\CodeIgniter.php(353): CodeIgniter\CodeIgniter->handleRequest(null, Object(Config\Cache), false)
 9 FCPATH\index.php(79): CodeIgniter\CodeIgniter->run()
10 SYSTEMPATH\Commands\Server\rewrite.php(47): require_once('C:\\Laragon\\laragon\\www\\newfinal\\public\\index.php')
CRITICAL - 2023-09-21 12:42:07 --> Undefined variable $f
in APPPATH\Views\products.php on line 1.
 1 APPPATH\Views\products.php(1): CodeIgniter\Debug\Exceptions->errorHandler(2, 'Undefined variable $f', 'C:\\Laragon\\laragon\\www\\newfinal\\app\\Views\\products.php', 1)
 2 SYSTEMPATH\View\View.php(226): include('C:\\Laragon\\laragon\\www\\newfinal\\app\\Views\\products.php')
 3 SYSTEMPATH\View\View.php(229): CodeIgniter\View\View->CodeIgniter\View\{closure}()
 4 SYSTEMPATH\Common.php(1188): CodeIgniter\View\View->render('products', [], true)
 5 APPPATH\Controllers\Home.php(22): view('products', [...])
 6 SYSTEMPATH\CodeIgniter.php(919): App\Controllers\Home->finaltim()
 7 SYSTEMPATH\CodeIgniter.php(494): CodeIgniter\CodeIgniter->runController(Object(App\Controllers\Home))
 8 SYSTEMPATH\CodeIgniter.php(353): CodeIgniter\CodeIgniter->handleRequest(null, Object(Config\Cache), false)
 9 FCPATH\index.php(79): CodeIgniter\CodeIgniter->run()
10 SYSTEMPATH\Commands\Server\rewrite.php(47): require_once('C:\\Laragon\\laragon\\www\\newfinal\\public\\index.php')
CRITICAL - 2023-09-21 12:42:07 --> Undefined variable $f
in APPPATH\Views\products.php on line 1.
 1 APPPATH\Views\products.php(1): CodeIgniter\Debug\Exceptions->errorHandler(2, 'Undefined variable $f', 'C:\\Laragon\\laragon\\www\\newfinal\\app\\Views\\products.php', 1)
 2 SYSTEMPATH\View\View.php(226): include('C:\\Laragon\\laragon\\www\\newfinal\\app\\Views\\products.php')
 3 SYSTEMPATH\View\View.php(229): CodeIgniter\View\View->CodeIgniter\View\{closure}()
 4 SYSTEMPATH\Common.php(1188): CodeIgniter\View\View->render('products', [], true)
 5 APPPATH\Controllers\Home.php(22): view('products', [...])
 6 SYSTEMPATH\CodeIgniter.php(919): App\Controllers\Home->finaltim()
 7 SYSTEMPATH\CodeIgniter.php(494): CodeIgniter\CodeIgniter->runController(Object(App\Controllers\Home))
 8 SYSTEMPATH\CodeIgniter.php(353): CodeIgniter\CodeIgniter->handleRequest(null, Object(Config\Cache), false)
 9 FCPATH\index.php(79): CodeIgniter\CodeIgniter->run()
10 SYSTEMPATH\Commands\Server\rewrite.php(47): require_once('C:\\Laragon\\laragon\\www\\newfinal\\public\\index.php')
CRITICAL - 2023-09-21 12:42:07 --> Undefined variable $f
in APPPATH\Views\products.php on line 1.
 1 APPPATH\Views\products.php(1): CodeIgniter\Debug\Exceptions->errorHandler(2, 'Undefined variable $f', 'C:\\Laragon\\laragon\\www\\newfinal\\app\\Views\\products.php', 1)
 2 SYSTEMPATH\View\View.php(226): include('C:\\Laragon\\laragon\\www\\newfinal\\app\\Views\\products.php')
 3 SYSTEMPATH\View\View.php(229): CodeIgniter\View\View->CodeIgniter\View\{closure}()
 4 SYSTEMPATH\Common.php(1188): CodeIgniter\View\View->render('products', [], true)
 5 APPPATH\Controllers\Home.php(22): view('products', [...])
 6 SYSTEMPATH\CodeIgniter.php(919): App\Controllers\Home->finaltim()
 7 SYSTEMPATH\CodeIgniter.php(494): CodeIgniter\CodeIgniter->runController(Object(App\Controllers\Home))
 8 SYSTEMPATH\CodeIgniter.php(353): CodeIgniter\CodeIgniter->handleRequest(null, Object(Config\Cache), false)
 9 FCPATH\index.php(79): CodeIgniter\CodeIgniter->run()
10 SYSTEMPATH\Commands\Server\rewrite.php(47): require_once('C:\\Laragon\\laragon\\www\\newfinal\\public\\index.php')
CRITICAL - 2023-09-21 12:42:08 --> Undefined variable $f
in APPPATH\Views\products.php on line 1.
 1 APPPATH\Views\products.php(1): CodeIgniter\Debug\Exceptions->errorHandler(2, 'Undefined variable $f', 'C:\\Laragon\\laragon\\www\\newfinal\\app\\Views\\products.php', 1)
 2 SYSTEMPATH\View\View.php(226): include('C:\\Laragon\\laragon\\www\\newfinal\\app\\Views\\products.php')
 3 SYSTEMPATH\View\View.php(229): CodeIgniter\View\View->CodeIgniter\View\{closure}()
 4 SYSTEMPATH\Common.php(1188): CodeIgniter\View\View->render('products', [], true)
 5 APPPATH\Controllers\Home.php(22): view('products', [...])
 6 SYSTEMPATH\CodeIgniter.php(919): App\Controllers\Home->finaltim()
 7 SYSTEMPATH\CodeIgniter.php(494): CodeIgniter\CodeIgniter->runController(Object(App\Controllers\Home))
 8 SYSTEMPATH\CodeIgniter.php(353): CodeIgniter\CodeIgniter->handleRequest(null, Object(Config\Cache), false)
 9 FCPATH\index.php(79): CodeIgniter\CodeIgniter->run()
10 SYSTEMPATH\Commands\Server\rewrite.php(47): require_once('C:\\Laragon\\laragon\\www\\newfinal\\public\\index.php')
CRITICAL - 2023-09-21 12:42:08 --> Undefined variable $f
in APPPATH\Views\products.php on line 1.
 1 APPPATH\Views\products.php(1): CodeIgniter\Debug\Exceptions->errorHandler(2, 'Undefined variable $f', 'C:\\Laragon\\laragon\\www\\newfinal\\app\\Views\\products.php', 1)
 2 SYSTEMPATH\View\View.php(226): include('C:\\Laragon\\laragon\\www\\newfinal\\app\\Views\\products.php')
 3 SYSTEMPATH\View\View.php(229): CodeIgniter\View\View->CodeIgniter\View\{closure}()
 4 SYSTEMPATH\Common.php(1188): CodeIgniter\View\View->render('products', [], true)
 5 APPPATH\Controllers\Home.php(22): view('products', [...])
 6 SYSTEMPATH\CodeIgniter.php(919): App\Controllers\Home->finaltim()
 7 SYSTEMPATH\CodeIgniter.php(494): CodeIgniter\CodeIgniter->runController(Object(App\Controllers\Home))
 8 SYSTEMPATH\CodeIgniter.php(353): CodeIgniter\CodeIgniter->handleRequest(null, Object(Config\Cache), false)
 9 FCPATH\index.php(79): CodeIgniter\CodeIgniter->run()
10 SYSTEMPATH\Commands\Server\rewrite.php(47): require_once('C:\\Laragon\\laragon\\www\\newfinal\\public\\index.php')
CRITICAL - 2023-09-21 12:42:13 --> Undefined variable $data
in APPPATH\Views\products.php on line 1.
 1 APPPATH\Views\products.php(1): CodeIgniter\Debug\Exceptions->errorHandler(2, 'Undefined variable $data', 'C:\\Laragon\\laragon\\www\\newfinal\\app\\Views\\products.php', 1)
 2 SYSTEMPATH\View\View.php(226): include('C:\\Laragon\\laragon\\www\\newfinal\\app\\Views\\products.php')
 3 SYSTEMPATH\View\View.php(229): CodeIgniter\View\View->CodeIgniter\View\{closure}()
 4 SYSTEMPATH\Common.php(1188): CodeIgniter\View\View->render('products', [], true)
 5 APPPATH\Controllers\Home.php(22): view('products', [...])
 6 SYSTEMPATH\CodeIgniter.php(919): App\Controllers\Home->finaltim()
 7 SYSTEMPATH\CodeIgniter.php(494): CodeIgniter\CodeIgniter->runController(Object(App\Controllers\Home))
 8 SYSTEMPATH\CodeIgniter.php(353): CodeIgniter\CodeIgniter->handleRequest(null, Object(Config\Cache), false)
 9 FCPATH\index.php(79): CodeIgniter\CodeIgniter->run()
10 SYSTEMPATH\Commands\Server\rewrite.php(47): require_once('C:\\Laragon\\laragon\\www\\newfinal\\public\\index.php')
CRITICAL - 2023-09-21 12:43:09 --> Invalid file: "newtim.php"
in SYSTEMPATH\Exceptions\FrameworkException.php on line 39.
 1 SYSTEMPATH\View\View.php(214): CodeIgniter\Exceptions\FrameworkException::forInvalidFile('newtim.php')
 2 SYSTEMPATH\Common.php(1188): CodeIgniter\View\View->render('newtim', [], true)
 3 APPPATH\Controllers\Home.php(22): view('newtim', [...])
 4 SYSTEMPATH\CodeIgniter.php(919): App\Controllers\Home->finaltim()
 5 SYSTEMPATH\CodeIgniter.php(494): CodeIgniter\CodeIgniter->runController(Object(App\Controllers\Home))
 6 SYSTEMPATH\CodeIgniter.php(353): CodeIgniter\CodeIgniter->handleRequest(null, Object(Config\Cache), false)
 7 FCPATH\index.php(79): CodeIgniter\CodeIgniter->run()
 8 SYSTEMPATH\Commands\Server\rewrite.php(47): require_once('C:\\Laragon\\laragon\\www\\newfinal\\public\\index.php')
CRITICAL - 2023-09-21 12:43:29 --> Undefined variable $data
in APPPATH\Views\products.php on line 1.
 1 APPPATH\Views\products.php(1): CodeIgniter\Debug\Exceptions->errorHandler(2, 'Undefined variable $data', 'C:\\Laragon\\laragon\\www\\newfinal\\app\\Views\\products.php', 1)
 2 SYSTEMPATH\View\View.php(226): include('C:\\Laragon\\laragon\\www\\newfinal\\app\\Views\\products.php')
 3 SYSTEMPATH\View\View.php(229): CodeIgniter\View\View->CodeIgniter\View\{closure}()
 4 SYSTEMPATH\Common.php(1188): CodeIgniter\View\View->render('products', [], true)
 5 APPPATH\Controllers\Home.php(22): view('products', [...])
 6 SYSTEMPATH\CodeIgniter.php(919): App\Controllers\Home->finaltim()
 7 SYSTEMPATH\CodeIgniter.php(494): CodeIgniter\CodeIgniter->runController(Object(App\Controllers\Home))
 8 SYSTEMPATH\CodeIgniter.php(353): CodeIgniter\CodeIgniter->handleRequest(null, Object(Config\Cache), false)
 9 FCPATH\index.php(79): CodeIgniter\CodeIgniter->run()
10 SYSTEMPATH\Commands\Server\rewrite.php(47): require_once('C:\\Laragon\\laragon\\www\\newfinal\\public\\index.php')
CRITICAL - 2023-09-21 12:44:29 --> Undefined variable $data
in APPPATH\Views\products.php on line 1.
 1 APPPATH\Views\products.php(1): CodeIgniter\Debug\Exceptions->errorHandler(2, 'Undefined variable $data', 'C:\\Laragon\\laragon\\www\\newfinal\\app\\Views\\products.php', 1)
 2 SYSTEMPATH\View\View.php(226): include('C:\\Laragon\\laragon\\www\\newfinal\\app\\Views\\products.php')
 3 SYSTEMPATH\View\View.php(229): CodeIgniter\View\View->CodeIgniter\View\{closure}()
 4 SYSTEMPATH\Common.php(1188): CodeIgniter\View\View->render('products', [], true)
 5 APPPATH\Controllers\Home.php(22): view('products', [...])
 6 SYSTEMPATH\CodeIgniter.php(919): App\Controllers\Home->finaltim()
 7 SYSTEMPATH\CodeIgniter.php(494): CodeIgniter\CodeIgniter->runController(Object(App\Controllers\Home))
 8 SYSTEMPATH\CodeIgniter.php(353): CodeIgniter\CodeIgniter->handleRequest(null, Object(Config\Cache), false)
 9 FCPATH\index.php(79): CodeIgniter\CodeIgniter->run()
10 SYSTEMPATH\Commands\Server\rewrite.php(47): require_once('C:\\Laragon\\laragon\\www\\newfinal\\public\\index.php')
CRITICAL - 2023-09-21 12:44:31 --> Undefined variable $data
in APPPATH\Views\products.php on line 1.
 1 APPPATH\Views\products.php(1): CodeIgniter\Debug\Exceptions->errorHandler(2, 'Undefined variable $data', 'C:\\Laragon\\laragon\\www\\newfinal\\app\\Views\\products.php', 1)
 2 SYSTEMPATH\View\View.php(226): include('C:\\Laragon\\laragon\\www\\newfinal\\app\\Views\\products.php')
 3 SYSTEMPATH\View\View.php(229): CodeIgniter\View\View->CodeIgniter\View\{closure}()
 4 SYSTEMPATH\Common.php(1188): CodeIgniter\View\View->render('products', [], true)
 5 APPPATH\Controllers\Home.php(22): view('products', [...])
 6 SYSTEMPATH\CodeIgniter.php(919): App\Controllers\Home->finaltim()
 7 SYSTEMPATH\CodeIgniter.php(494): CodeIgniter\CodeIgniter->runController(Object(App\Controllers\Home))
 8 SYSTEMPATH\CodeIgniter.php(353): CodeIgniter\CodeIgniter->handleRequest(null, Object(Config\Cache), false)
 9 FCPATH\index.php(79): CodeIgniter\CodeIgniter->run()
10 SYSTEMPATH\Commands\Server\rewrite.php(47): require_once('C:\\Laragon\\laragon\\www\\newfinal\\public\\index.php')
CRITICAL - 2023-09-21 12:44:32 --> Undefined variable $data
in APPPATH\Views\products.php on line 1.
 1 APPPATH\Views\products.php(1): CodeIgniter\Debug\Exceptions->errorHandler(2, 'Undefined variable $data', 'C:\\Laragon\\laragon\\www\\newfinal\\app\\Views\\products.php', 1)
 2 SYSTEMPATH\View\View.php(226): include('C:\\Laragon\\laragon\\www\\newfinal\\app\\Views\\products.php')
 3 SYSTEMPATH\View\View.php(229): CodeIgniter\View\View->CodeIgniter\View\{closure}()
 4 SYSTEMPATH\Common.php(1188): CodeIgniter\View\View->render('products', [], true)
 5 APPPATH\Controllers\Home.php(22): view('products', [...])
 6 SYSTEMPATH\CodeIgniter.php(919): App\Controllers\Home->finaltim()
 7 SYSTEMPATH\CodeIgniter.php(494): CodeIgniter\CodeIgniter->runController(Object(App\Controllers\Home))
 8 SYSTEMPATH\CodeIgniter.php(353): CodeIgniter\CodeIgniter->handleRequest(null, Object(Config\Cache), false)
 9 FCPATH\index.php(79): CodeIgniter\CodeIgniter->run()
10 SYSTEMPATH\Commands\Server\rewrite.php(47): require_once('C:\\Laragon\\laragon\\www\\newfinal\\public\\index.php')
CRITICAL - 2023-09-21 12:44:32 --> Undefined variable $data
in APPPATH\Views\products.php on line 1.
 1 APPPATH\Views\products.php(1): CodeIgniter\Debug\Exceptions->errorHandler(2, 'Undefined variable $data', 'C:\\Laragon\\laragon\\www\\newfinal\\app\\Views\\products.php', 1)
 2 SYSTEMPATH\View\View.php(226): include('C:\\Laragon\\laragon\\www\\newfinal\\app\\Views\\products.php')
 3 SYSTEMPATH\View\View.php(229): CodeIgniter\View\View->CodeIgniter\View\{closure}()
 4 SYSTEMPATH\Common.php(1188): CodeIgniter\View\View->render('products', [], true)
 5 APPPATH\Controllers\Home.php(22): view('products', [...])
 6 SYSTEMPATH\CodeIgniter.php(919): App\Controllers\Home->finaltim()
 7 SYSTEMPATH\CodeIgniter.php(494): CodeIgniter\CodeIgniter->runController(Object(App\Controllers\Home))
 8 SYSTEMPATH\CodeIgniter.php(353): CodeIgniter\CodeIgniter->handleRequest(null, Object(Config\Cache), false)
 9 FCPATH\index.php(79): CodeIgniter\CodeIgniter->run()
10 SYSTEMPATH\Commands\Server\rewrite.php(47): require_once('C:\\Laragon\\laragon\\www\\newfinal\\public\\index.php')
CRITICAL - 2023-09-21 12:44:32 --> Undefined variable $data
in APPPATH\Views\products.php on line 1.
 1 APPPATH\Views\products.php(1): CodeIgniter\Debug\Exceptions->errorHandler(2, 'Undefined variable $data', 'C:\\Laragon\\laragon\\www\\newfinal\\app\\Views\\products.php', 1)
 2 SYSTEMPATH\View\View.php(226): include('C:\\Laragon\\laragon\\www\\newfinal\\app\\Views\\products.php')
 3 SYSTEMPATH\View\View.php(229): CodeIgniter\View\View->CodeIgniter\View\{closure}()
 4 SYSTEMPATH\Common.php(1188): CodeIgniter\View\View->render('products', [], true)
 5 APPPATH\Controllers\Home.php(22): view('products', [...])
 6 SYSTEMPATH\CodeIgniter.php(919): App\Controllers\Home->finaltim()
 7 SYSTEMPATH\CodeIgniter.php(494): CodeIgniter\CodeIgniter->runController(Object(App\Controllers\Home))
 8 SYSTEMPATH\CodeIgniter.php(353): CodeIgniter\CodeIgniter->handleRequest(null, Object(Config\Cache), false)
 9 FCPATH\index.php(79): CodeIgniter\CodeIgniter->run()
10 SYSTEMPATH\Commands\Server\rewrite.php(47): require_once('C:\\Laragon\\laragon\\www\\newfinal\\public\\index.php')
CRITICAL - 2023-09-21 12:45:19 --> Undefined variable $data
in APPPATH\Views\products.php on line 1.
 1 APPPATH\Views\products.php(1): CodeIgniter\Debug\Exceptions->errorHandler(2, 'Undefined variable $data', 'C:\\Laragon\\laragon\\www\\newfinal\\app\\Views\\products.php', 1)
 2 SYSTEMPATH\View\View.php(226): include('C:\\Laragon\\laragon\\www\\newfinal\\app\\Views\\products.php')
 3 SYSTEMPATH\View\View.php(229): CodeIgniter\View\View->CodeIgniter\View\{closure}()
 4 SYSTEMPATH\Common.php(1188): CodeIgniter\View\View->render('products', [], true)
 5 APPPATH\Controllers\Home.php(22): view('products', [...])
 6 SYSTEMPATH\CodeIgniter.php(919): App\Controllers\Home->finaltim()
 7 SYSTEMPATH\CodeIgniter.php(494): CodeIgniter\CodeIgniter->runController(Object(App\Controllers\Home))
 8 SYSTEMPATH\CodeIgniter.php(353): CodeIgniter\CodeIgniter->handleRequest(null, Object(Config\Cache), false)
 9 FCPATH\index.php(79): CodeIgniter\CodeIgniter->run()
10 SYSTEMPATH\Commands\Server\rewrite.php(47): require_once('C:\\Laragon\\laragon\\www\\newfinal\\public\\index.php')
CRITICAL - 2023-09-21 12:47:04 --> Undefined variable $data
in APPPATH\Views\products.php on line 1.
 1 APPPATH\Views\products.php(1): CodeIgniter\Debug\Exceptions->errorHandler(2, 'Undefined variable $data', 'C:\\Laragon\\laragon\\www\\newfinal\\app\\Views\\products.php', 1)
 2 SYSTEMPATH\View\View.php(226): include('C:\\Laragon\\laragon\\www\\newfinal\\app\\Views\\products.php')
 3 SYSTEMPATH\View\View.php(229): CodeIgniter\View\View->CodeIgniter\View\{closure}()
 4 SYSTEMPATH\Common.php(1188): CodeIgniter\View\View->render('products', [], true)
 5 APPPATH\Controllers\Home.php(22): view('products', [...])
 6 SYSTEMPATH\CodeIgniter.php(919): App\Controllers\Home->finaltim()
 7 SYSTEMPATH\CodeIgniter.php(494): CodeIgniter\CodeIgniter->runController(Object(App\Controllers\Home))
 8 SYSTEMPATH\CodeIgniter.php(353): CodeIgniter\CodeIgniter->handleRequest(null, Object(Config\Cache), false)
 9 FCPATH\index.php(79): CodeIgniter\CodeIgniter->run()
10 SYSTEMPATH\Commands\Server\rewrite.php(47): require_once('C:\\Laragon\\laragon\\www\\newfinal\\public\\index.php')
CRITICAL - 2023-09-21 12:47:04 --> Undefined variable $data
in APPPATH\Views\products.php on line 1.
 1 APPPATH\Views\products.php(1): CodeIgniter\Debug\Exceptions->errorHandler(2, 'Undefined variable $data', 'C:\\Laragon\\laragon\\www\\newfinal\\app\\Views\\products.php', 1)
 2 SYSTEMPATH\View\View.php(226): include('C:\\Laragon\\laragon\\www\\newfinal\\app\\Views\\products.php')
 3 SYSTEMPATH\View\View.php(229): CodeIgniter\View\View->CodeIgniter\View\{closure}()
 4 SYSTEMPATH\Common.php(1188): CodeIgniter\View\View->render('products', [], true)
 5 APPPATH\Controllers\Home.php(22): view('products', [...])
 6 SYSTEMPATH\CodeIgniter.php(919): App\Controllers\Home->finaltim()
 7 SYSTEMPATH\CodeIgniter.php(494): CodeIgniter\CodeIgniter->runController(Object(App\Controllers\Home))
 8 SYSTEMPATH\CodeIgniter.php(353): CodeIgniter\CodeIgniter->handleRequest(null, Object(Config\Cache), false)
 9 FCPATH\index.php(79): CodeIgniter\CodeIgniter->run()
10 SYSTEMPATH\Commands\Server\rewrite.php(47): require_once('C:\\Laragon\\laragon\\www\\newfinal\\public\\index.php')
CRITICAL - 2023-09-21 12:47:06 --> Undefined variable $data
in APPPATH\Views\products.php on line 1.
 1 APPPATH\Views\products.php(1): CodeIgniter\Debug\Exceptions->errorHandler(2, 'Undefined variable $data', 'C:\\Laragon\\laragon\\www\\newfinal\\app\\Views\\products.php', 1)
 2 SYSTEMPATH\View\View.php(226): include('C:\\Laragon\\laragon\\www\\newfinal\\app\\Views\\products.php')
 3 SYSTEMPATH\View\View.php(229): CodeIgniter\View\View->CodeIgniter\View\{closure}()
 4 SYSTEMPATH\Common.php(1188): CodeIgniter\View\View->render('products', [], true)
 5 APPPATH\Controllers\Home.php(22): view('products', [...])
 6 SYSTEMPATH\CodeIgniter.php(919): App\Controllers\Home->finaltim()
 7 SYSTEMPATH\CodeIgniter.php(494): CodeIgniter\CodeIgniter->runController(Object(App\Controllers\Home))
 8 SYSTEMPATH\CodeIgniter.php(353): CodeIgniter\CodeIgniter->handleRequest(null, Object(Config\Cache), false)
 9 FCPATH\index.php(79): CodeIgniter\CodeIgniter->run()
10 SYSTEMPATH\Commands\Server\rewrite.php(47): require_once('C:\\Laragon\\laragon\\www\\newfinal\\public\\index.php')
CRITICAL - 2023-09-21 12:47:07 --> Undefined variable $data
in APPPATH\Views\products.php on line 1.
 1 APPPATH\Views\products.php(1): CodeIgniter\Debug\Exceptions->errorHandler(2, 'Undefined variable $data', 'C:\\Laragon\\laragon\\www\\newfinal\\app\\Views\\products.php', 1)
 2 SYSTEMPATH\View\View.php(226): include('C:\\Laragon\\laragon\\www\\newfinal\\app\\Views\\products.php')
 3 SYSTEMPATH\View\View.php(229): CodeIgniter\View\View->CodeIgniter\View\{closure}()
 4 SYSTEMPATH\Common.php(1188): CodeIgniter\View\View->render('products', [], true)
 5 APPPATH\Controllers\Home.php(22): view('products', [...])
 6 SYSTEMPATH\CodeIgniter.php(919): App\Controllers\Home->finaltim()
 7 SYSTEMPATH\CodeIgniter.php(494): CodeIgniter\CodeIgniter->runController(Object(App\Controllers\Home))
 8 SYSTEMPATH\CodeIgniter.php(353): CodeIgniter\CodeIgniter->handleRequest(null, Object(Config\Cache), false)
 9 FCPATH\index.php(79): CodeIgniter\CodeIgniter->run()
10 SYSTEMPATH\Commands\Server\rewrite.php(47): require_once('C:\\Laragon\\laragon\\www\\newfinal\\public\\index.php')
CRITICAL - 2023-09-21 12:54:45 --> Undefined variable $f
in APPPATH\Views\products.php on line 1.
 1 APPPATH\Views\products.php(1): CodeIgniter\Debug\Exceptions->errorHandler(2, 'Undefined variable $f', 'C:\\Laragon\\laragon\\www\\newfinal\\app\\Views\\products.php', 1)
 2 SYSTEMPATH\View\View.php(226): include('C:\\Laragon\\laragon\\www\\newfinal\\app\\Views\\products.php')
 3 SYSTEMPATH\View\View.php(229): CodeIgniter\View\View->CodeIgniter\View\{closure}()
 4 SYSTEMPATH\Common.php(1188): CodeIgniter\View\View->render('products', [], true)
 5 APPPATH\Controllers\Home.php(22): view('products', [...])
 6 SYSTEMPATH\CodeIgniter.php(919): App\Controllers\Home->finaltim()
 7 SYSTEMPATH\CodeIgniter.php(494): CodeIgniter\CodeIgniter->runController(Object(App\Controllers\Home))
 8 SYSTEMPATH\CodeIgniter.php(353): CodeIgniter\CodeIgniter->handleRequest(null, Object(Config\Cache), false)
 9 FCPATH\index.php(79): CodeIgniter\CodeIgniter->run()
10 SYSTEMPATH\Commands\Server\rewrite.php(47): require_once('C:\\Laragon\\laragon\\www\\newfinal\\public\\index.php')
CRITICAL - 2023-09-21 12:56:51 --> Undefined variable $data
in APPPATH\Views\products.php on line 1.
 1 APPPATH\Views\products.php(1): CodeIgniter\Debug\Exceptions->errorHandler(2, 'Undefined variable $data', 'C:\\Laragon\\laragon\\www\\newfinal\\app\\Views\\products.php', 1)
 2 SYSTEMPATH\View\View.php(226): include('C:\\Laragon\\laragon\\www\\newfinal\\app\\Views\\products.php')
 3 SYSTEMPATH\View\View.php(229): CodeIgniter\View\View->CodeIgniter\View\{closure}()
 4 SYSTEMPATH\Common.php(1188): CodeIgniter\View\View->render('products', [], true)
 5 APPPATH\Controllers\Home.php(22): view('products', [...])
 6 SYSTEMPATH\CodeIgniter.php(919): App\Controllers\Home->finaltim()
 7 SYSTEMPATH\CodeIgniter.php(494): CodeIgniter\CodeIgniter->runController(Object(App\Controllers\Home))
 8 SYSTEMPATH\CodeIgniter.php(353): CodeIgniter\CodeIgniter->handleRequest(null, Object(Config\Cache), false)
 9 FCPATH\index.php(79): CodeIgniter\CodeIgniter->run()
10 SYSTEMPATH\Commands\Server\rewrite.php(47): require_once('C:\\Laragon\\laragon\\www\\newfinal\\public\\index.php')
CRITICAL - 2023-09-21 13:11:47 --> Undefined array key "name"
in APPPATH\Views\products.php on line 18.
 1 APPPATH\Views\products.php(18): CodeIgniter\Debug\Exceptions->errorHandler(2, 'Undefined array key "name"', 'C:\\Laragon\\laragon\\www\\newfinal\\app\\Views\\products.php', 18)
 2 SYSTEMPATH\View\View.php(226): include('C:\\Laragon\\laragon\\www\\newfinal\\app\\Views\\products.php')
 3 SYSTEMPATH\View\View.php(229): CodeIgniter\View\View->CodeIgniter\View\{closure}()
 4 SYSTEMPATH\Common.php(1188): CodeIgniter\View\View->render('products', [], true)
 5 APPPATH\Controllers\Home.php(22): view('products', [...])
 6 SYSTEMPATH\CodeIgniter.php(919): App\Controllers\Home->finaltim()
 7 SYSTEMPATH\CodeIgniter.php(494): CodeIgniter\CodeIgniter->runController(Object(App\Controllers\Home))
 8 SYSTEMPATH\CodeIgniter.php(353): CodeIgniter\CodeIgniter->handleRequest(null, Object(Config\Cache), false)
 9 FCPATH\index.php(79): CodeIgniter\CodeIgniter->run()
10 SYSTEMPATH\Commands\Server\rewrite.php(47): require_once('C:\\Laragon\\laragon\\www\\newfinal\\public\\index.php')
ERROR - 2023-09-21 13:39:30 --> mysqli_sql_exception: Unknown column 'pid' in 'where clause' in C:\Laragon\laragon\www\newfinal\system\Database\MySQLi\Connection.php:306
Stack trace:
#0 C:\Laragon\laragon\www\newfinal\system\Database\MySQLi\Connection.php(306): mysqli->query('SELECT *\nFROM `...', 0)
#1 C:\Laragon\laragon\www\newfinal\system\Database\BaseConnection.php(692): CodeIgniter\Database\MySQLi\Connection->execute('SELECT *\nFROM `...')
#2 C:\Laragon\laragon\www\newfinal\system\Database\BaseConnection.php(606): CodeIgniter\Database\BaseConnection->simpleQuery('SELECT *\nFROM `...')
#3 C:\Laragon\laragon\www\newfinal\system\Database\BaseBuilder.php(1615): CodeIgniter\Database\BaseConnection->query('SELECT *\nFROM `...', Array, false)
#4 C:\Laragon\laragon\www\newfinal\system\Model.php(264): CodeIgniter\Database\BaseBuilder->get()
#5 C:\Laragon\laragon\www\newfinal\system\BaseModel.php(662): CodeIgniter\Model->doFirst()
#6 C:\Laragon\laragon\www\newfinal\app\Controllers\Home.php(26): CodeIgniter\BaseModel->first()
#7 C:\Laragon\laragon\www\newfinal\system\CodeIgniter.php(919): App\Controllers\Home->edit('1')
#8 C:\Laragon\laragon\www\newfinal\system\CodeIgniter.php(494): CodeIgniter\CodeIgniter->runController(Object(App\Controllers\Home))
#9 C:\Laragon\laragon\www\newfinal\system\CodeIgniter.php(353): CodeIgniter\CodeIgniter->handleRequest(NULL, Object(Config\Cache), false)
#10 C:\Laragon\laragon\www\newfinal\public\index.php(79): CodeIgniter\CodeIgniter->run()
#11 C:\Laragon\laragon\www\newfinal\system\Commands\Server\rewrite.php(47): require_once('C:\\Laragon\\lara...')
#12 {main}
CRITICAL - 2023-09-21 13:39:30 --> Unknown column 'pid' in 'where clause'
in SYSTEMPATH\Database\BaseConnection.php on line 646.
 1 SYSTEMPATH\Database\BaseBuilder.php(1615): CodeIgniter\Database\BaseConnection->query('SELECT *
FROM `finaltim`
WHERE `pid` = :pid:
 LIMIT 1', [...], false)
 2 SYSTEMPATH\Model.php(264): CodeIgniter\Database\BaseBuilder->get()
 3 SYSTEMPATH\BaseModel.php(662): CodeIgniter\Model->doFirst()
 4 APPPATH\Controllers\Home.php(26): CodeIgniter\BaseModel->first()
 5 SYSTEMPATH\CodeIgniter.php(919): App\Controllers\Home->edit('1')
 6 SYSTEMPATH\CodeIgniter.php(494): CodeIgniter\CodeIgniter->runController(Object(App\Controllers\Home))
 7 SYSTEMPATH\CodeIgniter.php(353): CodeIgniter\CodeIgniter->handleRequest(null, Object(Config\Cache), false)
 8 FCPATH\index.php(79): CodeIgniter\CodeIgniter->run()
 9 SYSTEMPATH\Commands\Server\rewrite.php(47): require_once('C:\\Laragon\\laragon\\www\\newfinal\\public\\index.php')
CRITICAL - 2023-09-21 14:04:55 --> Undefined array key "name"
in APPPATH\Views\pedit.php on line 10.
 1 APPPATH\Views\pedit.php(10): CodeIgniter\Debug\Exceptions->errorHandler(2, 'Undefined array key "name"', 'C:\\Laragon\\laragon\\www\\newfinal\\app\\Views\\pedit.php', 10)
 2 SYSTEMPATH\View\View.php(226): include('C:\\Laragon\\laragon\\www\\newfinal\\app\\Views\\pedit.php')
 3 SYSTEMPATH\View\View.php(229): CodeIgniter\View\View->CodeIgniter\View\{closure}()
 4 SYSTEMPATH\Common.php(1188): CodeIgniter\View\View->render('pedit', [], true)
 5 APPPATH\Controllers\Home.php(27): view('pedit', [...])
 6 SYSTEMPATH\CodeIgniter.php(919): App\Controllers\Home->edit('1')
 7 SYSTEMPATH\CodeIgniter.php(494): CodeIgniter\CodeIgniter->runController(Object(App\Controllers\Home))
 8 SYSTEMPATH\CodeIgniter.php(353): CodeIgniter\CodeIgniter->handleRequest(null, Object(Config\Cache), false)
 9 FCPATH\index.php(79): CodeIgniter\CodeIgniter->run()
10 SYSTEMPATH\Commands\Server\rewrite.php(47): require_once('C:\\Laragon\\laragon\\www\\newfinal\\public\\index.php')
CRITICAL - 2023-09-21 14:59:15 --> Allowed fields must be specified for model: "App\Models\ProductModel"
in SYSTEMPATH\BaseModel.php on line 1257.
 1 SYSTEMPATH\BaseModel.php(1257): CodeIgniter\Database\Exceptions\DataException::forInvalidAllowedFields('App\\Models\\ProductModel')
 2 SYSTEMPATH\BaseModel.php(925): CodeIgniter\BaseModel->doProtectFields([...])
 3 SYSTEMPATH\Model.php(776): CodeIgniter\BaseModel->update(null, [...])
 4 APPPATH\Controllers\Home.php(44): CodeIgniter\Model->update()
 5 SYSTEMPATH\CodeIgniter.php(919): App\Controllers\Home->update()
 6 SYSTEMPATH\CodeIgniter.php(494): CodeIgniter\CodeIgniter->runController(Object(App\Controllers\Home))
 7 SYSTEMPATH\CodeIgniter.php(353): CodeIgniter\CodeIgniter->handleRequest(null, Object(Config\Cache), false)
 8 FCPATH\index.php(79): CodeIgniter\CodeIgniter->run()
 9 SYSTEMPATH\Commands\Server\rewrite.php(47): require_once('C:\\Laragon\\laragon\\www\\newfinal\\public\\index.php')
CRITICAL - 2023-09-21 15:02:27 --> Allowed fields must be specified for model: "App\Models\ProductModel"
in SYSTEMPATH\BaseModel.php on line 1257.
 1 SYSTEMPATH\BaseModel.php(1257): CodeIgniter\Database\Exceptions\DataException::forInvalidAllowedFields('App\\Models\\ProductModel')
 2 SYSTEMPATH\BaseModel.php(925): CodeIgniter\BaseModel->doProtectFields([...])
 3 SYSTEMPATH\Model.php(776): CodeIgniter\BaseModel->update(null, [...])
 4 APPPATH\Controllers\Home.php(44): CodeIgniter\Model->update()
 5 SYSTEMPATH\CodeIgniter.php(919): App\Controllers\Home->update()
 6 SYSTEMPATH\CodeIgniter.php(494): CodeIgniter\CodeIgniter->runController(Object(App\Controllers\Home))
 7 SYSTEMPATH\CodeIgniter.php(353): CodeIgniter\CodeIgniter->handleRequest(null, Object(Config\Cache), false)
 8 FCPATH\index.php(79): CodeIgniter\CodeIgniter->run()
 9 SYSTEMPATH\Commands\Server\rewrite.php(47): require_once('C:\\Laragon\\laragon\\www\\newfinal\\public\\index.php')
CRITICAL - 2023-09-21 15:02:55 --> Allowed fields must be specified for model: "App\Models\ProductModel"
in SYSTEMPATH\BaseModel.php on line 1257.
 1 SYSTEMPATH\BaseModel.php(1257): CodeIgniter\Database\Exceptions\DataException::forInvalidAllowedFields('App\\Models\\ProductModel')
 2 SYSTEMPATH\BaseModel.php(925): CodeIgniter\BaseModel->doProtectFields([...])
 3 SYSTEMPATH\Model.php(776): CodeIgniter\BaseModel->update(null, [...])
 4 APPPATH\Controllers\Home.php(44): CodeIgniter\Model->update()
 5 SYSTEMPATH\CodeIgniter.php(919): App\Controllers\Home->update()
 6 SYSTEMPATH\CodeIgniter.php(494): CodeIgniter\CodeIgniter->runController(Object(App\Controllers\Home))
 7 SYSTEMPATH\CodeIgniter.php(353): CodeIgniter\CodeIgniter->handleRequest(null, Object(Config\Cache), false)
 8 FCPATH\index.php(79): CodeIgniter\CodeIgniter->run()
 9 SYSTEMPATH\Commands\Server\rewrite.php(47): require_once('C:\\Laragon\\laragon\\www\\newfinal\\public\\index.php')
CRITICAL - 2023-09-21 15:10:50 --> Allowed fields must be specified for model: "App\Models\ProductModel"
in SYSTEMPATH\BaseModel.php on line 1257.
 1 SYSTEMPATH\BaseModel.php(1257): CodeIgniter\Database\Exceptions\DataException::forInvalidAllowedFields('App\\Models\\ProductModel')
 2 SYSTEMPATH\BaseModel.php(925): CodeIgniter\BaseModel->doProtectFields([...])
 3 SYSTEMPATH\Model.php(776): CodeIgniter\BaseModel->update(null, [...])
 4 APPPATH\Controllers\Home.php(44): CodeIgniter\Model->update()
 5 SYSTEMPATH\CodeIgniter.php(919): App\Controllers\Home->update()
 6 SYSTEMPATH\CodeIgniter.php(494): CodeIgniter\CodeIgniter->runController(Object(App\Controllers\Home))
 7 SYSTEMPATH\CodeIgniter.php(353): CodeIgniter\CodeIgniter->handleRequest(null, Object(Config\Cache), false)
 8 FCPATH\index.php(79): CodeIgniter\CodeIgniter->run()
 9 SYSTEMPATH\Commands\Server\rewrite.php(47): require_once('C:\\Laragon\\laragon\\www\\newfinal\\public\\index.php')
CRITICAL - 2023-09-21 15:13:24 --> Allowed fields must be specified for model: "App\Models\ProductModel"
in SYSTEMPATH\BaseModel.php on line 1257.
 1 SYSTEMPATH\BaseModel.php(1257): CodeIgniter\Database\Exceptions\DataException::forInvalidAllowedFields('App\\Models\\ProductModel')
 2 SYSTEMPATH\BaseModel.php(925): CodeIgniter\BaseModel->doProtectFields([...])
 3 SYSTEMPATH\Model.php(776): CodeIgniter\BaseModel->update(null, [...])
 4 APPPATH\Controllers\Home.php(44): CodeIgniter\Model->update()
 5 SYSTEMPATH\CodeIgniter.php(919): App\Controllers\Home->update()
 6 SYSTEMPATH\CodeIgniter.php(494): CodeIgniter\CodeIgniter->runController(Object(App\Controllers\Home))
 7 SYSTEMPATH\CodeIgniter.php(353): CodeIgniter\CodeIgniter->handleRequest(null, Object(Config\Cache), false)
 8 FCPATH\index.php(79): CodeIgniter\CodeIgniter->run()
 9 SYSTEMPATH\Commands\Server\rewrite.php(47): require_once('C:\\Laragon\\laragon\\www\\newfinal\\public\\index.php')
CRITICAL - 2023-09-21 16:02:52 --> Class "App\Controllers\UserModel" not found
in APPPATH\Controllers\Home.php on line 51.
 1 SYSTEMPATH\CodeIgniter.php(919): App\Controllers\Home->delete('1')
 2 SYSTEMPATH\CodeIgniter.php(494): CodeIgniter\CodeIgniter->runController(Object(App\Controllers\Home))
 3 SYSTEMPATH\CodeIgniter.php(353): CodeIgniter\CodeIgniter->handleRequest(null, Object(Config\Cache), false)
 4 FCPATH\index.php(79): CodeIgniter\CodeIgniter->run()
 5 SYSTEMPATH\Commands\Server\rewrite.php(47): require_once('C:\\Laragon\\laragon\\www\\newfinal\\public\\index.php')
CRITICAL - 2023-09-21 16:09:33 --> Trying to access array offset on value of type null
in APPPATH\Views\pedit.php on line 9.
 1 APPPATH\Views\pedit.php(9): CodeIgniter\Debug\Exceptions->errorHandler(2, 'Trying to access array offset on value of type null', 'C:\\Laragon\\laragon\\www\\newfinal\\app\\Views\\pedit.php', 9)
 2 SYSTEMPATH\View\View.php(226): include('C:\\Laragon\\laragon\\www\\newfinal\\app\\Views\\pedit.php')
 3 SYSTEMPATH\View\View.php(229): CodeIgniter\View\View->CodeIgniter\View\{closure}()
 4 SYSTEMPATH\Common.php(1188): CodeIgniter\View\View->render('pedit', [], true)
 5 APPPATH\Controllers\Home.php(27): view('pedit', [...])
 6 SYSTEMPATH\CodeIgniter.php(919): App\Controllers\Home->edit('1')
 7 SYSTEMPATH\CodeIgniter.php(494): CodeIgniter\CodeIgniter->runController(Object(App\Controllers\Home))
 8 SYSTEMPATH\CodeIgniter.php(353): CodeIgniter\CodeIgniter->handleRequest(null, Object(Config\Cache), false)
 9 FCPATH\index.php(79): CodeIgniter\CodeIgniter->run()
10 SYSTEMPATH\Commands\Server\rewrite.php(47): require_once('C:\\Laragon\\laragon\\www\\newfinal\\public\\index.php')
CRITICAL - 2023-09-21 16:11:41 --> Trying to access array offset on value of type null
in APPPATH\Views\pedit.php on line 9.
 1 APPPATH\Views\pedit.php(9): CodeIgniter\Debug\Exceptions->errorHandler(2, 'Trying to access array offset on value of type null', 'C:\\Laragon\\laragon\\www\\newfinal\\app\\Views\\pedit.php', 9)
 2 SYSTEMPATH\View\View.php(226): include('C:\\Laragon\\laragon\\www\\newfinal\\app\\Views\\pedit.php')
 3 SYSTEMPATH\View\View.php(229): CodeIgniter\View\View->CodeIgniter\View\{closure}()
 4 SYSTEMPATH\Common.php(1188): CodeIgniter\View\View->render('pedit', [], true)
 5 APPPATH\Controllers\Home.php(27): view('pedit', [...])
 6 SYSTEMPATH\CodeIgniter.php(919): App\Controllers\Home->edit('1')
 7 SYSTEMPATH\CodeIgniter.php(494): CodeIgniter\CodeIgniter->runController(Object(App\Controllers\Home))
 8 SYSTEMPATH\CodeIgniter.php(353): CodeIgniter\CodeIgniter->handleRequest(null, Object(Config\Cache), false)
 9 FCPATH\index.php(79): CodeIgniter\CodeIgniter->run()
10 SYSTEMPATH\Commands\Server\rewrite.php(47): require_once('C:\\Laragon\\laragon\\www\\newfinal\\public\\index.php')
CRITICAL - 2023-09-21 16:30:18 --> Undefined array key "product_namme"
in APPPATH\Views\pedit.php on line 15.
 1 APPPATH\Views\pedit.php(15): CodeIgniter\Debug\Exceptions->errorHandler(2, 'Undefined array key "product_namme"', 'C:\\Laragon\\laragon\\www\\newfinal\\app\\Views\\pedit.php', 15)
 2 SYSTEMPATH\View\View.php(226): include('C:\\Laragon\\laragon\\www\\newfinal\\app\\Views\\pedit.php')
 3 SYSTEMPATH\View\View.php(229): CodeIgniter\View\View->CodeIgniter\View\{closure}()
 4 SYSTEMPATH\Common.php(1188): CodeIgniter\View\View->render('pedit', [], true)
 5 APPPATH\Controllers\Home.php(27): view('pedit', [...])
 6 SYSTEMPATH\CodeIgniter.php(919): App\Controllers\Home->edit('4')
 7 SYSTEMPATH\CodeIgniter.php(494): CodeIgniter\CodeIgniter->runController(Object(App\Controllers\Home))
 8 SYSTEMPATH\CodeIgniter.php(353): CodeIgniter\CodeIgniter->handleRequest(null, Object(Config\Cache), false)
 9 FCPATH\index.php(79): CodeIgniter\CodeIgniter->run()
10 SYSTEMPATH\Commands\Server\rewrite.php(47): require_once('C:\\Laragon\\laragon\\www\\newfinal\\public\\index.php')
